<?xml version="1.0" encoding="UTF-8"?>
<coverage generated="1755689048">
  <project timestamp="1755689048">
    <file name="/home/runner/work/wp-module-install-checker/wp-module-install-checker/includes/InstallChecker.php">
      <class name="NewfoldLabs\WP\Module\InstallChecker\InstallChecker" namespace="global">
        <metrics complexity="13" methods="6" coveredmethods="4" conditionals="0" coveredconditionals="0" statements="64" coveredstatements="59" elements="70" coveredelements="63"/>
      </class>
      <line num="13" type="method" name="isFreshInstallation" visibility="public" complexity="6" crap="6.22" count="3"/>
      <line num="15" type="stmt" count="3"/>
      <line num="16" type="stmt" count="3"/>
      <line num="19" type="stmt" count="3"/>
      <line num="20" type="stmt" count="1"/>
      <line num="24" type="stmt" count="2"/>
      <line num="25" type="stmt" count="1"/>
      <line num="29" type="stmt" count="1"/>
      <line num="30" type="stmt" count="0"/>
      <line num="34" type="stmt" count="1"/>
      <line num="35" type="stmt" count="0"/>
      <line num="38" type="stmt" count="1"/>
      <line num="46" type="method" name="getInstallationDate" visibility="public" complexity="1" crap="2" count="0"/>
      <line num="48" type="stmt" count="0"/>
      <line num="49" type="stmt" count="0"/>
      <line num="51" type="stmt" count="0"/>
      <line num="59" type="method" name="getOldestUser" visibility="protected" complexity="1" crap="1" count="1"/>
      <line num="60" type="stmt" count="1"/>
      <line num="61" type="stmt" count="1"/>
      <line num="62" type="stmt" count="1"/>
      <line num="63" type="stmt" count="1"/>
      <line num="64" type="stmt" count="1"/>
      <line num="65" type="stmt" count="1"/>
      <line num="66" type="stmt" count="1"/>
      <line num="67" type="stmt" count="1"/>
      <line num="68" type="stmt" count="1"/>
      <line num="70" type="stmt" count="1"/>
      <line num="78" type="method" name="getUserCount" visibility="protected" complexity="1" crap="1" count="1"/>
      <line num="79" type="stmt" count="1"/>
      <line num="80" type="stmt" count="1"/>
      <line num="81" type="stmt" count="1"/>
      <line num="82" type="stmt" count="1"/>
      <line num="83" type="stmt" count="1"/>
      <line num="84" type="stmt" count="1"/>
      <line num="85" type="stmt" count="1"/>
      <line num="86" type="stmt" count="1"/>
      <line num="87" type="stmt" count="1"/>
      <line num="89" type="stmt" count="1"/>
      <line num="97" type="method" name="getOldestPost" visibility="protected" complexity="2" crap="2" count="3"/>
      <line num="99" type="stmt" count="3"/>
      <line num="100" type="stmt" count="3"/>
      <line num="101" type="stmt" count="3"/>
      <line num="102" type="stmt" count="3"/>
      <line num="103" type="stmt" count="3"/>
      <line num="104" type="stmt" count="3"/>
      <line num="105" type="stmt" count="3"/>
      <line num="106" type="stmt" count="3"/>
      <line num="107" type="stmt" count="3"/>
      <line num="108" type="stmt" count="3"/>
      <line num="109" type="stmt" count="3"/>
      <line num="111" type="stmt" count="3"/>
      <line num="112" type="stmt" count="3"/>
      <line num="115" type="stmt" count="3"/>
      <line num="117" type="stmt" count="3"/>
      <line num="125" type="method" name="getNewestPost" visibility="protected" complexity="2" crap="2" count="3"/>
      <line num="127" type="stmt" count="3"/>
      <line num="128" type="stmt" count="3"/>
      <line num="129" type="stmt" count="3"/>
      <line num="130" type="stmt" count="3"/>
      <line num="131" type="stmt" count="3"/>
      <line num="132" type="stmt" count="3"/>
      <line num="133" type="stmt" count="3"/>
      <line num="134" type="stmt" count="3"/>
      <line num="135" type="stmt" count="3"/>
      <line num="136" type="stmt" count="3"/>
      <line num="137" type="stmt" count="3"/>
      <line num="139" type="stmt" count="3"/>
      <line num="140" type="stmt" count="3"/>
      <line num="143" type="stmt" count="3"/>
      <line num="145" type="stmt" count="3"/>
      <metrics loc="148" ncloc="114" classes="1" methods="6" coveredmethods="4" conditionals="0" coveredconditionals="0" statements="64" coveredstatements="59" elements="70" coveredelements="63"/>
    </file>
    <file name="/home/runner/work/wp-module-install-checker/wp-module-install-checker/includes/WooCommerce.php">
      <class name="NewfoldLabs\WP\Module\InstallChecker\WooCommerce" namespace="global">
        <metrics complexity="2" methods="2" coveredmethods="2" conditionals="0" coveredconditionals="0" statements="14" coveredstatements="14" elements="16" coveredelements="16"/>
      </class>
      <line num="12" type="method" name="isWooCommerce" visibility="public" complexity="1" crap="1" count="4"/>
      <line num="13" type="stmt" count="4"/>
      <line num="21" type="method" name="getAllPageIds" visibility="public" complexity="1" crap="1" count="3"/>
      <line num="23" type="stmt" count="3"/>
      <line num="24" type="stmt" count="3"/>
      <line num="25" type="stmt" count="3"/>
      <line num="26" type="stmt" count="3"/>
      <line num="27" type="stmt" count="3"/>
      <line num="28" type="stmt" count="3"/>
      <line num="29" type="stmt" count="3"/>
      <line num="31" type="stmt" count="3"/>
      <line num="32" type="stmt" count="3"/>
      <line num="33" type="stmt" count="3"/>
      <line num="35" type="stmt" count="3"/>
      <line num="36" type="stmt" count="3"/>
      <line num="37" type="stmt" count="3"/>
      <metrics loc="39" ncloc="29" classes="1" methods="2" coveredmethods="2" conditionals="0" coveredconditionals="0" statements="14" coveredstatements="14" elements="16" coveredelements="16"/>
    </file>
    <metrics files="2" loc="187" ncloc="143" classes="2" methods="8" coveredmethods="6" conditionals="0" coveredconditionals="0" statements="78" coveredstatements="73" elements="86" coveredelements="79"/>
  </project>
</coverage>
